2023/02/04 06:26:04 Calculating delta for:  {3 30 third_deploy}
2023/02/04 06:26:04           with status:  {200 600 400}
2023/02/04 06:26:04 free %:  0.6666666666666666  | targetfreepercent:  0.3  :  third_deploy
2023/02/04 06:26:04 target:  0.3  -> new:  0.2982456140350877
2023/02/04 06:26:04 delta:  -105  :  third_deploy
2023/02/04 06:26:04 Calculating delta for:  {10 15 test_deploy}
2023/02/04 06:26:04           with status:  {10 100 10}
2023/02/04 06:26:04 free %:  0.1  | targetfreepercent:  0.15  :  test_deploy
2023/02/04 06:26:04 target:  0.15  -> new:  0.18181818181818182
2023/02/04 06:26:04 delta:  1  :  test_deploy
2023/02/04 06:26:04 Calculating delta for:  {250 10 fourth_deploy}
2023/02/04 06:26:04           with status:  {3 750 113}
2023/02/04 06:26:04 free %:  0.15066666666666667  | targetfreepercent:  0.1  :  fourth_deploy
2023/02/04 06:26:04 target:  0.1  -> new:  -0.274
2023/02/04 06:26:04 delta:  -1  :  fourth_deploy
2023/02/04 06:26:04 Calculating delta for:  {10 15 second_deploy}
2023/02/04 06:26:04           with status:  {100 1000 100}
2023/02/04 06:26:04 free %:  0.1  | targetfreepercent:  0.15  :  second_deploy
2023/02/04 06:26:04 target:  0.15  -> new:  0.1509433962264151
2023/02/04 06:26:04 delta:  6  :  second_deploy
2023/02/04 06:26:04 Calculating delta for:  {1 90 fifth_deploy}
2023/02/04 06:26:04           with status:  {600 600 541}
2023/02/04 06:26:04 free %:  0.9016666666666666  | targetfreepercent:  0.9  :  fifth_deploy
2023/02/04 06:26:04 target:  0.9  -> new:  0.9001692047377327
2023/02/04 06:26:04 delta:  -9  :  fifth_deploy
2023/02/04 06:26:19 Received quit. Sending shutdown then waiting on goroutines...
2023/02/04 06:26:34 Exiting.
2023/02/04 06:33:25 Calculating delta for:  {10 15 second_deploy}
2023/02/04 06:33:25           with status:  {100 1000 100}
2023/02/04 06:33:25 free %:  0.1  | targetfreepercent:  0.15  :  second_deploy
2023/02/04 06:33:25 target:  0.15  -> new:  0.1509433962264151
2023/02/04 06:33:25 delta:  6  :  second_deploy
2023/02/04 06:33:25 Calculating delta for:  {3 30 third_deploy}
2023/02/04 06:33:25           with status:  {200 600 400}
2023/02/04 06:33:25 free %:  0.6666666666666666  | targetfreepercent:  0.3  :  third_deploy
2023/02/04 06:33:25 target:  0.3  -> new:  0.7807017543859649
2023/02/04 06:33:25 delta:  104  :  third_deploy
2023/02/04 06:33:25 Calculating delta for:  {1 90 fifth_deploy}
2023/02/04 06:33:25           with status:  {600 600 541}
2023/02/04 06:33:25 free %:  0.9016666666666666  | targetfreepercent:  0.9  :  fifth_deploy
2023/02/04 06:33:25 Calculating delta for:  {250 10 fourth_deploy}
2023/02/04 06:33:25           with status:  {3 750 113}
2023/02/04 06:33:25 free %:  0.15066666666666667  | targetfreepercent:  0.1  :  fourth_deploy
2023/02/04 06:33:25 target:  0.1  -> new:  0.15066666666666667
2023/02/04 06:33:25 delta:  0  :  fourth_deploy
2023/02/04 06:33:25 Calculating delta for:  {10 15 test_deploy}
2023/02/04 06:33:25           with status:  {10 100 10}
2023/02/04 06:33:25 free %:  0.1  | targetfreepercent:  0.15  :  test_deploy
2023/02/04 06:33:25 target:  0.15  -> new:  0.18181818181818182
2023/02/04 06:33:25 delta:  1  :  test_deploy
2023/02/04 06:33:48 Received quit. Sending shutdown then waiting on goroutines...
2023/02/04 06:33:55 Exiting.
2023/02/04 06:34:03 Calculating delta for:  {10 15 second_deploy}
2023/02/04 06:34:03           with status:  {100 1000 100}
2023/02/04 06:34:03 free %:  0.1  | targetfreepercent:  0.15  :  second_deploy
2023/02/04 06:34:03 target:  0.15  -> new:  0.1509433962264151
2023/02/04 06:34:03 delta:  6  :  second_deploy
2023/02/04 06:34:03 Calculating delta for:  {3 30 third_deploy}
2023/02/04 06:34:03           with status:  {200 600 400}
2023/02/04 06:34:03 free %:  0.6666666666666666  | targetfreepercent:  0.3  :  third_deploy
2023/02/04 06:34:03 target:  0.3  -> new:  0.3055555555555556
2023/02/04 06:34:03 delta:  -104  :  third_deploy
2023/02/04 06:34:03 Calculating delta for:  {10 15 test_deploy}
2023/02/04 06:34:03           with status:  {10 100 10}
2023/02/04 06:34:03 free %:  0.1  | targetfreepercent:  0.15  :  test_deploy
2023/02/04 06:34:03 target:  0.15  -> new:  0.18181818181818182
2023/02/04 06:34:03 delta:  1  :  test_deploy
2023/02/04 06:34:03 Calculating delta for:  {1 90 fifth_deploy}
2023/02/04 06:34:03           with status:  {600 600 541}
2023/02/04 06:34:03 free %:  0.9016666666666666  | targetfreepercent:  0.9  :  fifth_deploy
2023/02/04 06:34:03 Calculating delta for:  {250 10 fourth_deploy}
2023/02/04 06:34:03           with status:  {3 750 113}
2023/02/04 06:34:03 free %:  0.15066666666666667  | targetfreepercent:  0.1  :  fourth_deploy
2023/02/04 06:34:03 target:  0.1  -> new:  0.15066666666666667
2023/02/04 06:34:03 delta:  0  :  fourth_deploy
2023/02/04 06:34:31 Received quit. Sending shutdown then waiting on goroutines...
2023/02/04 06:34:32 Exiting.
2023/02/04 06:35:10 target:  0.15  -> new:  0.1509433962264151
2023/02/04 06:35:10 delta:  6  :  second_deploy
2023/02/04 06:35:10 target:  0.3  -> new:  0.3055555555555556
2023/02/04 06:35:10 delta:  -104  :  third_deploy
2023/02/04 06:35:10 target:  0.15  -> new:  0.18181818181818182
2023/02/04 06:35:10 delta:  1  :  test_deploy
2023/02/04 06:35:11 target:  0.1  -> new:  0.15066666666666667
2023/02/04 06:35:11 delta:  0  :  fourth_deploy
2023/02/04 06:35:34 Received quit. Sending shutdown then waiting on goroutines...
2023/02/04 06:35:40 Exiting.
